<?xml version="1.0" encoding="UTF-8" ?>
<testsuite tests="5" failures="0" name="TestScraper" time="31.025" errors="0" skipped="0">
  <properties>
[...]
</properties>
  <testcase classname="TestScraper" name="TestScraper.testValidPlayer" time="10.267"/>
  <testcase classname="TestScraper" name="TestScraper.testInvalidPlayer" time="3.771"/>
  <testcase classname="TestScraper" name="TestScraper.testValidStats" time="9.449"/>
  <testcase classname="TestScraper" name="TestScraper.testValidPlayerName" time="3.81"/>
  <testcase classname="TestScraper" name="TestScraper.testInvalidPlayerNameNumbers" time="3.728"/>
</testsuite>